<?xml version="1.0" encoding="UTF-8"?>
<testsuite xmlns:xsi="http://www.w3.org/2001/XMLSchema-instance" xsi:noNamespaceSchemaLocation="https://maven.apache.org/surefire/maven-surefire-plugin/xsd/surefire-test-report-3.0.xsd" version="3.0" name="step_definitions.RunCukesTest" time="75.846" tests="3" errors="0" skipped="0" failures="0">
  <properties>
    <property name="java.specification.version" value="17"/>
    <property name="sun.jnu.encoding" value="UTF-8"/>
    <property name="java.class.path" value="/Users/fizkiarditiakusuma/Documents/Nastha_Group/recruitment_nashta_WEB/target/test-classes:/Users/fizkiarditiakusuma/Documents/Nastha_Group/recruitment_nashta_WEB/target/classes:/Users/fizkiarditiakusuma/.m2/repository/junit/junit/4.13.2/junit-4.13.2.jar:/Users/fizkiarditiakusuma/.m2/repository/org/hamcrest/hamcrest-core/1.3/hamcrest-core-1.3.jar:/Users/fizkiarditiakusuma/.m2/repository/org/seleniumhq/selenium/selenium-java/4.16.1/selenium-java-4.16.1.jar:/Users/fizkiarditiakusuma/.m2/repository/org/seleniumhq/selenium/selenium-api/4.16.1/selenium-api-4.16.1.jar:/Users/fizkiarditiakusuma/.m2/repository/org/seleniumhq/selenium/selenium-chrome-driver/4.16.1/selenium-chrome-driver-4.16.1.jar:/Users/fizkiarditiakusuma/.m2/repository/com/google/auto/service/auto-service-annotations/1.1.1/auto-service-annotations-1.1.1.jar:/Users/fizkiarditiakusuma/.m2/repository/org/seleniumhq/selenium/selenium-chromium-driver/4.16.1/selenium-chromium-driver-4.16.1.jar:/Users/fizkiarditiakusuma/.m2/repository/org/seleniumhq/selenium/selenium-json/4.16.1/selenium-json-4.16.1.jar:/Users/fizkiarditiakusuma/.m2/repository/org/seleniumhq/selenium/selenium-manager/4.16.1/selenium-manager-4.16.1.jar:/Users/fizkiarditiakusuma/.m2/repository/org/seleniumhq/selenium/selenium-devtools-v118/4.16.1/selenium-devtools-v118-4.16.1.jar:/Users/fizkiarditiakusuma/.m2/repository/org/seleniumhq/selenium/selenium-devtools-v119/4.16.1/selenium-devtools-v119-4.16.1.jar:/Users/fizkiarditiakusuma/.m2/repository/org/seleniumhq/selenium/selenium-devtools-v120/4.16.1/selenium-devtools-v120-4.16.1.jar:/Users/fizkiarditiakusuma/.m2/repository/org/seleniumhq/selenium/selenium-devtools-v85/4.16.1/selenium-devtools-v85-4.16.1.jar:/Users/fizkiarditiakusuma/.m2/repository/org/seleniumhq/selenium/selenium-edge-driver/4.16.1/selenium-edge-driver-4.16.1.jar:/Users/fizkiarditiakusuma/.m2/repository/org/seleniumhq/selenium/selenium-firefox-driver/4.16.1/selenium-firefox-driver-4.16.1.jar:/Users/fizkiarditiakusuma/.m2/repository/org/seleniumhq/selenium/selenium-http/4.16.1/selenium-http-4.16.1.jar:/Users/fizkiarditiakusuma/.m2/repository/dev/failsafe/failsafe/3.3.2/failsafe-3.3.2.jar:/Users/fizkiarditiakusuma/.m2/repository/org/seleniumhq/selenium/selenium-ie-driver/4.16.1/selenium-ie-driver-4.16.1.jar:/Users/fizkiarditiakusuma/.m2/repository/org/seleniumhq/selenium/selenium-remote-driver/4.16.1/selenium-remote-driver-4.16.1.jar:/Users/fizkiarditiakusuma/.m2/repository/com/google/guava/guava/32.1.2-jre/guava-32.1.2-jre.jar:/Users/fizkiarditiakusuma/.m2/repository/com/google/guava/failureaccess/1.0.1/failureaccess-1.0.1.jar:/Users/fizkiarditiakusuma/.m2/repository/com/google/guava/listenablefuture/9999.0-empty-to-avoid-conflict-with-guava/listenablefuture-9999.0-empty-to-avoid-conflict-with-guava.jar:/Users/fizkiarditiakusuma/.m2/repository/com/google/code/findbugs/jsr305/3.0.2/jsr305-3.0.2.jar:/Users/fizkiarditiakusuma/.m2/repository/org/checkerframework/checker-qual/3.33.0/checker-qual-3.33.0.jar:/Users/fizkiarditiakusuma/.m2/repository/com/google/errorprone/error_prone_annotations/2.18.0/error_prone_annotations-2.18.0.jar:/Users/fizkiarditiakusuma/.m2/repository/com/google/j2objc/j2objc-annotations/2.8/j2objc-annotations-2.8.jar:/Users/fizkiarditiakusuma/.m2/repository/io/opentelemetry/opentelemetry-api/1.28.0/opentelemetry-api-1.28.0.jar:/Users/fizkiarditiakusuma/.m2/repository/io/opentelemetry/opentelemetry-context/1.28.0/opentelemetry-context-1.28.0.jar:/Users/fizkiarditiakusuma/.m2/repository/io/opentelemetry/opentelemetry-exporter-logging/1.28.0/opentelemetry-exporter-logging-1.28.0.jar:/Users/fizkiarditiakusuma/.m2/repository/io/opentelemetry/opentelemetry-sdk-metrics/1.28.0/opentelemetry-sdk-metrics-1.28.0.jar:/Users/fizkiarditiakusuma/.m2/repository/io/opentelemetry/opentelemetry-extension-incubator/1.28.0-alpha/opentelemetry-extension-incubator-1.28.0-alpha.jar:/Users/fizkiarditiakusuma/.m2/repository/io/opentelemetry/opentelemetry-sdk-logs/1.28.0/opentelemetry-sdk-logs-1.28.0.jar:/Users/fizkiarditiakusuma/.m2/repository/io/opentelemetry/opentelemetry-sdk-common/1.28.0/opentelemetry-sdk-common-1.28.0.jar:/Users/fizkiarditiakusuma/.m2/repository/io/opentelemetry/opentelemetry-sdk-extension-autoconfigure-spi/1.28.0/opentelemetry-sdk-extension-autoconfigure-spi-1.28.0.jar:/Users/fizkiarditiakusuma/.m2/repository/io/opentelemetry/opentelemetry-sdk-extension-autoconfigure/1.28.0/opentelemetry-sdk-extension-autoconfigure-1.28.0.jar:/Users/fizkiarditiakusuma/.m2/repository/io/opentelemetry/opentelemetry-api-events/1.28.0-alpha/opentelemetry-api-events-1.28.0-alpha.jar:/Users/fizkiarditiakusuma/.m2/repository/io/opentelemetry/opentelemetry-sdk-trace/1.28.0/opentelemetry-sdk-trace-1.28.0.jar:/Users/fizkiarditiakusuma/.m2/repository/io/opentelemetry/opentelemetry-sdk/1.28.0/opentelemetry-sdk-1.28.0.jar:/Users/fizkiarditiakusuma/.m2/repository/io/opentelemetry/opentelemetry-semconv/1.28.0-alpha/opentelemetry-semconv-1.28.0-alpha.jar:/Users/fizkiarditiakusuma/.m2/repository/net/bytebuddy/byte-buddy/1.14.5/byte-buddy-1.14.5.jar:/Users/fizkiarditiakusuma/.m2/repository/org/seleniumhq/selenium/selenium-os/4.16.1/selenium-os-4.16.1.jar:/Users/fizkiarditiakusuma/.m2/repository/org/apache/commons/commons-exec/1.3/commons-exec-1.3.jar:/Users/fizkiarditiakusuma/.m2/repository/org/seleniumhq/selenium/selenium-safari-driver/4.16.1/selenium-safari-driver-4.16.1.jar:/Users/fizkiarditiakusuma/.m2/repository/org/seleniumhq/selenium/selenium-support/4.16.1/selenium-support-4.16.1.jar:/Users/fizkiarditiakusuma/.m2/repository/io/cucumber/cucumber-java/7.12.1/cucumber-java-7.12.1.jar:/Users/fizkiarditiakusuma/.m2/repository/io/cucumber/cucumber-core/7.12.1/cucumber-core-7.12.1.jar:/Users/fizkiarditiakusuma/.m2/repository/io/cucumber/cucumber-gherkin/7.12.1/cucumber-gherkin-7.12.1.jar:/Users/fizkiarditiakusuma/.m2/repository/io/cucumber/cucumber-gherkin-messages/7.12.1/cucumber-gherkin-messages-7.12.1.jar:/Users/fizkiarditiakusuma/.m2/repository/io/cucumber/gherkin/26.2.0/gherkin-26.2.0.jar:/Users/fizkiarditiakusuma/.m2/repository/io/cucumber/messages/22.0.0/messages-22.0.0.jar:/Users/fizkiarditiakusuma/.m2/repository/io/cucumber/tag-expressions/5.0.1/tag-expressions-5.0.1.jar:/Users/fizkiarditiakusuma/.m2/repository/io/cucumber/cucumber-expressions/16.1.2/cucumber-expressions-16.1.2.jar:/Users/fizkiarditiakusuma/.m2/repository/io/cucumber/datatable/7.12.1/datatable-7.12.1.jar:/Users/fizkiarditiakusuma/.m2/repository/io/cucumber/cucumber-plugin/7.12.1/cucumber-plugin-7.12.1.jar:/Users/fizkiarditiakusuma/.m2/repository/io/cucumber/docstring/7.12.1/docstring-7.12.1.jar:/Users/fizkiarditiakusuma/.m2/repository/io/cucumber/html-formatter/20.3.1/html-formatter-20.3.1.jar:/Users/fizkiarditiakusuma/.m2/repository/io/cucumber/junit-xml-formatter/0.2.0/junit-xml-formatter-0.2.0.jar:/Users/fizkiarditiakusuma/.m2/repository/io/cucumber/ci-environment/9.2.0/ci-environment-9.2.0.jar:/Users/fizkiarditiakusuma/.m2/repository/org/apiguardian/apiguardian-api/1.1.2/apiguardian-api-1.1.2.jar:/Users/fizkiarditiakusuma/.m2/repository/ch/qos/logback/logback-classic/1.4.11/logback-classic-1.4.11.jar:/Users/fizkiarditiakusuma/.m2/repository/ch/qos/logback/logback-core/1.4.11/logback-core-1.4.11.jar:/Users/fizkiarditiakusuma/.m2/repository/org/slf4j/slf4j-api/2.0.7/slf4j-api-2.0.7.jar:/Users/fizkiarditiakusuma/.m2/repository/io/cucumber/cucumber-junit/7.12.1/cucumber-junit-7.12.1.jar:/Users/fizkiarditiakusuma/.m2/repository/io/github/bonigarcia/webdrivermanager/5.6.3/webdrivermanager-5.6.3.jar:/Users/fizkiarditiakusuma/.m2/repository/com/google/code/gson/gson/2.10.1/gson-2.10.1.jar:/Users/fizkiarditiakusuma/.m2/repository/com/github/docker-java/docker-java/3.3.4/docker-java-3.3.4.jar:/Users/fizkiarditiakusuma/.m2/repository/com/github/docker-java/docker-java-core/3.3.4/docker-java-core-3.3.4.jar:/Users/fizkiarditiakusuma/.m2/repository/com/github/docker-java/docker-java-api/3.3.4/docker-java-api-3.3.4.jar:/Users/fizkiarditiakusuma/.m2/repository/org/bouncycastle/bcpkix-jdk18on/1.76/bcpkix-jdk18on-1.76.jar:/Users/fizkiarditiakusuma/.m2/repository/org/bouncycastle/bcprov-jdk18on/1.76/bcprov-jdk18on-1.76.jar:/Users/fizkiarditiakusuma/.m2/repository/org/bouncycastle/bcutil-jdk18on/1.76/bcutil-jdk18on-1.76.jar:/Users/fizkiarditiakusuma/.m2/repository/org/slf4j/jcl-over-slf4j/1.7.30/jcl-over-slf4j-1.7.30.jar:/Users/fizkiarditiakusuma/.m2/repository/com/github/docker-java/docker-java-transport-httpclient5/3.3.4/docker-java-transport-httpclient5-3.3.4.jar:/Users/fizkiarditiakusuma/.m2/repository/com/github/docker-java/docker-java-transport/3.3.4/docker-java-transport-3.3.4.jar:/Users/fizkiarditiakusuma/.m2/repository/net/java/dev/jna/jna/5.13.0/jna-5.13.0.jar:/Users/fizkiarditiakusuma/.m2/repository/org/brotli/dec/0.1.2/dec-0.1.2.jar:/Users/fizkiarditiakusuma/.m2/repository/org/apache/commons/commons-lang3/3.14.0/commons-lang3-3.14.0.jar:/Users/fizkiarditiakusuma/.m2/repository/org/apache/commons/commons-compress/1.25.0/commons-compress-1.25.0.jar:/Users/fizkiarditiakusuma/.m2/repository/org/apache/httpcomponents/client5/httpclient5/5.2.1/httpclient5-5.2.1.jar:/Users/fizkiarditiakusuma/.m2/repository/org/apache/httpcomponents/core5/httpcore5/5.2/httpcore5-5.2.jar:/Users/fizkiarditiakusuma/.m2/repository/org/apache/httpcomponents/core5/httpcore5-h2/5.2/httpcore5-h2-5.2.jar:/Users/fizkiarditiakusuma/.m2/repository/net/masterthought/cucumber-reporting/5.3.1/cucumber-reporting-5.3.1.jar:/Users/fizkiarditiakusuma/.m2/repository/com/fasterxml/jackson/core/jackson-databind/2.10.1/jackson-databind-2.10.1.jar:/Users/fizkiarditiakusuma/.m2/repository/com/fasterxml/jackson/core/jackson-annotations/2.10.1/jackson-annotations-2.10.1.jar:/Users/fizkiarditiakusuma/.m2/repository/com/fasterxml/jackson/core/jackson-core/2.10.1/jackson-core-2.10.1.jar:/Users/fizkiarditiakusuma/.m2/repository/com/fasterxml/jackson/datatype/jackson-datatype-jsr310/2.10.1/jackson-datatype-jsr310-2.10.1.jar:/Users/fizkiarditiakusuma/.m2/repository/org/apache/velocity/velocity-engine-core/2.1/velocity-engine-core-2.1.jar:/Users/fizkiarditiakusuma/.m2/repository/commons-collections/commons-collections/3.2.2/commons-collections-3.2.2.jar:/Users/fizkiarditiakusuma/.m2/repository/joda-time/joda-time/2.10.5/joda-time-2.10.5.jar:/Users/fizkiarditiakusuma/.m2/repository/commons-io/commons-io/2.6/commons-io-2.6.jar:/Users/fizkiarditiakusuma/.m2/repository/org/codehaus/plexus/plexus-utils/3.3.0/plexus-utils-3.3.0.jar:/Users/fizkiarditiakusuma/.m2/repository/org/jsoup/jsoup/1.12.1/jsoup-1.12.1.jar:/Users/fizkiarditiakusuma/.m2/repository/com/googlecode/owasp-java-html-sanitizer/owasp-java-html-sanitizer/20191001.1/owasp-java-html-sanitizer-20191001.1.jar:/Users/fizkiarditiakusuma/.m2/repository/commons-configuration/commons-configuration/1.10/commons-configuration-1.10.jar:/Users/fizkiarditiakusuma/.m2/repository/commons-lang/commons-lang/2.6/commons-lang-2.6.jar:/Users/fizkiarditiakusuma/.m2/repository/commons-logging/commons-logging/1.1.1/commons-logging-1.1.1.jar:"/>
    <property name="java.vm.vendor" value="Eclipse Adoptium"/>
    <property name="sun.arch.data.model" value="64"/>
    <property name="java.vendor.url" value="https://adoptium.net/"/>
    <property name="os.name" value="Mac OS X"/>
    <property name="java.vm.specification.version" value="17"/>
    <property name="sun.java.launcher" value="SUN_STANDARD"/>
    <property name="user.country" value="ID"/>
    <property name="sun.boot.library.path" value="/Library/Java/JavaVirtualMachines/temurin-17.jdk/Contents/Home/lib"/>
    <property name="sun.java.command" value="/Users/fizkiarditiakusuma/Documents/Nastha_Group/recruitment_nashta_WEB/target/surefire/surefirebooter-20240131170012332_3.jar /Users/fizkiarditiakusuma/Documents/Nastha_Group/recruitment_nashta_WEB/target/surefire 2024-01-31T17-00-12_288-jvmRun1 surefire-20240131170012332_1tmp surefire_0-20240131170012332_2tmp"/>
    <property name="http.nonProxyHosts" value="local|*.local|169.254/16|*.169.254/16"/>
    <property name="jdk.debug" value="release"/>
    <property name="surefire.test.class.path" value="/Users/fizkiarditiakusuma/Documents/Nastha_Group/recruitment_nashta_WEB/target/test-classes:/Users/fizkiarditiakusuma/Documents/Nastha_Group/recruitment_nashta_WEB/target/classes:/Users/fizkiarditiakusuma/.m2/repository/junit/junit/4.13.2/junit-4.13.2.jar:/Users/fizkiarditiakusuma/.m2/repository/org/hamcrest/hamcrest-core/1.3/hamcrest-core-1.3.jar:/Users/fizkiarditiakusuma/.m2/repository/org/seleniumhq/selenium/selenium-java/4.16.1/selenium-java-4.16.1.jar:/Users/fizkiarditiakusuma/.m2/repository/org/seleniumhq/selenium/selenium-api/4.16.1/selenium-api-4.16.1.jar:/Users/fizkiarditiakusuma/.m2/repository/org/seleniumhq/selenium/selenium-chrome-driver/4.16.1/selenium-chrome-driver-4.16.1.jar:/Users/fizkiarditiakusuma/.m2/repository/com/google/auto/service/auto-service-annotations/1.1.1/auto-service-annotations-1.1.1.jar:/Users/fizkiarditiakusuma/.m2/repository/org/seleniumhq/selenium/selenium-chromium-driver/4.16.1/selenium-chromium-driver-4.16.1.jar:/Users/fizkiarditiakusuma/.m2/repository/org/seleniumhq/selenium/selenium-json/4.16.1/selenium-json-4.16.1.jar:/Users/fizkiarditiakusuma/.m2/repository/org/seleniumhq/selenium/selenium-manager/4.16.1/selenium-manager-4.16.1.jar:/Users/fizkiarditiakusuma/.m2/repository/org/seleniumhq/selenium/selenium-devtools-v118/4.16.1/selenium-devtools-v118-4.16.1.jar:/Users/fizkiarditiakusuma/.m2/repository/org/seleniumhq/selenium/selenium-devtools-v119/4.16.1/selenium-devtools-v119-4.16.1.jar:/Users/fizkiarditiakusuma/.m2/repository/org/seleniumhq/selenium/selenium-devtools-v120/4.16.1/selenium-devtools-v120-4.16.1.jar:/Users/fizkiarditiakusuma/.m2/repository/org/seleniumhq/selenium/selenium-devtools-v85/4.16.1/selenium-devtools-v85-4.16.1.jar:/Users/fizkiarditiakusuma/.m2/repository/org/seleniumhq/selenium/selenium-edge-driver/4.16.1/selenium-edge-driver-4.16.1.jar:/Users/fizkiarditiakusuma/.m2/repository/org/seleniumhq/selenium/selenium-firefox-driver/4.16.1/selenium-firefox-driver-4.16.1.jar:/Users/fizkiarditiakusuma/.m2/repository/org/seleniumhq/selenium/selenium-http/4.16.1/selenium-http-4.16.1.jar:/Users/fizkiarditiakusuma/.m2/repository/dev/failsafe/failsafe/3.3.2/failsafe-3.3.2.jar:/Users/fizkiarditiakusuma/.m2/repository/org/seleniumhq/selenium/selenium-ie-driver/4.16.1/selenium-ie-driver-4.16.1.jar:/Users/fizkiarditiakusuma/.m2/repository/org/seleniumhq/selenium/selenium-remote-driver/4.16.1/selenium-remote-driver-4.16.1.jar:/Users/fizkiarditiakusuma/.m2/repository/com/google/guava/guava/32.1.2-jre/guava-32.1.2-jre.jar:/Users/fizkiarditiakusuma/.m2/repository/com/google/guava/failureaccess/1.0.1/failureaccess-1.0.1.jar:/Users/fizkiarditiakusuma/.m2/repository/com/google/guava/listenablefuture/9999.0-empty-to-avoid-conflict-with-guava/listenablefuture-9999.0-empty-to-avoid-conflict-with-guava.jar:/Users/fizkiarditiakusuma/.m2/repository/com/google/code/findbugs/jsr305/3.0.2/jsr305-3.0.2.jar:/Users/fizkiarditiakusuma/.m2/repository/org/checkerframework/checker-qual/3.33.0/checker-qual-3.33.0.jar:/Users/fizkiarditiakusuma/.m2/repository/com/google/errorprone/error_prone_annotations/2.18.0/error_prone_annotations-2.18.0.jar:/Users/fizkiarditiakusuma/.m2/repository/com/google/j2objc/j2objc-annotations/2.8/j2objc-annotations-2.8.jar:/Users/fizkiarditiakusuma/.m2/repository/io/opentelemetry/opentelemetry-api/1.28.0/opentelemetry-api-1.28.0.jar:/Users/fizkiarditiakusuma/.m2/repository/io/opentelemetry/opentelemetry-context/1.28.0/opentelemetry-context-1.28.0.jar:/Users/fizkiarditiakusuma/.m2/repository/io/opentelemetry/opentelemetry-exporter-logging/1.28.0/opentelemetry-exporter-logging-1.28.0.jar:/Users/fizkiarditiakusuma/.m2/repository/io/opentelemetry/opentelemetry-sdk-metrics/1.28.0/opentelemetry-sdk-metrics-1.28.0.jar:/Users/fizkiarditiakusuma/.m2/repository/io/opentelemetry/opentelemetry-extension-incubator/1.28.0-alpha/opentelemetry-extension-incubator-1.28.0-alpha.jar:/Users/fizkiarditiakusuma/.m2/repository/io/opentelemetry/opentelemetry-sdk-logs/1.28.0/opentelemetry-sdk-logs-1.28.0.jar:/Users/fizkiarditiakusuma/.m2/repository/io/opentelemetry/opentelemetry-sdk-common/1.28.0/opentelemetry-sdk-common-1.28.0.jar:/Users/fizkiarditiakusuma/.m2/repository/io/opentelemetry/opentelemetry-sdk-extension-autoconfigure-spi/1.28.0/opentelemetry-sdk-extension-autoconfigure-spi-1.28.0.jar:/Users/fizkiarditiakusuma/.m2/repository/io/opentelemetry/opentelemetry-sdk-extension-autoconfigure/1.28.0/opentelemetry-sdk-extension-autoconfigure-1.28.0.jar:/Users/fizkiarditiakusuma/.m2/repository/io/opentelemetry/opentelemetry-api-events/1.28.0-alpha/opentelemetry-api-events-1.28.0-alpha.jar:/Users/fizkiarditiakusuma/.m2/repository/io/opentelemetry/opentelemetry-sdk-trace/1.28.0/opentelemetry-sdk-trace-1.28.0.jar:/Users/fizkiarditiakusuma/.m2/repository/io/opentelemetry/opentelemetry-sdk/1.28.0/opentelemetry-sdk-1.28.0.jar:/Users/fizkiarditiakusuma/.m2/repository/io/opentelemetry/opentelemetry-semconv/1.28.0-alpha/opentelemetry-semconv-1.28.0-alpha.jar:/Users/fizkiarditiakusuma/.m2/repository/net/bytebuddy/byte-buddy/1.14.5/byte-buddy-1.14.5.jar:/Users/fizkiarditiakusuma/.m2/repository/org/seleniumhq/selenium/selenium-os/4.16.1/selenium-os-4.16.1.jar:/Users/fizkiarditiakusuma/.m2/repository/org/apache/commons/commons-exec/1.3/commons-exec-1.3.jar:/Users/fizkiarditiakusuma/.m2/repository/org/seleniumhq/selenium/selenium-safari-driver/4.16.1/selenium-safari-driver-4.16.1.jar:/Users/fizkiarditiakusuma/.m2/repository/org/seleniumhq/selenium/selenium-support/4.16.1/selenium-support-4.16.1.jar:/Users/fizkiarditiakusuma/.m2/repository/io/cucumber/cucumber-java/7.12.1/cucumber-java-7.12.1.jar:/Users/fizkiarditiakusuma/.m2/repository/io/cucumber/cucumber-core/7.12.1/cucumber-core-7.12.1.jar:/Users/fizkiarditiakusuma/.m2/repository/io/cucumber/cucumber-gherkin/7.12.1/cucumber-gherkin-7.12.1.jar:/Users/fizkiarditiakusuma/.m2/repository/io/cucumber/cucumber-gherkin-messages/7.12.1/cucumber-gherkin-messages-7.12.1.jar:/Users/fizkiarditiakusuma/.m2/repository/io/cucumber/gherkin/26.2.0/gherkin-26.2.0.jar:/Users/fizkiarditiakusuma/.m2/repository/io/cucumber/messages/22.0.0/messages-22.0.0.jar:/Users/fizkiarditiakusuma/.m2/repository/io/cucumber/tag-expressions/5.0.1/tag-expressions-5.0.1.jar:/Users/fizkiarditiakusuma/.m2/repository/io/cucumber/cucumber-expressions/16.1.2/cucumber-expressions-16.1.2.jar:/Users/fizkiarditiakusuma/.m2/repository/io/cucumber/datatable/7.12.1/datatable-7.12.1.jar:/Users/fizkiarditiakusuma/.m2/repository/io/cucumber/cucumber-plugin/7.12.1/cucumber-plugin-7.12.1.jar:/Users/fizkiarditiakusuma/.m2/repository/io/cucumber/docstring/7.12.1/docstring-7.12.1.jar:/Users/fizkiarditiakusuma/.m2/repository/io/cucumber/html-formatter/20.3.1/html-formatter-20.3.1.jar:/Users/fizkiarditiakusuma/.m2/repository/io/cucumber/junit-xml-formatter/0.2.0/junit-xml-formatter-0.2.0.jar:/Users/fizkiarditiakusuma/.m2/repository/io/cucumber/ci-environment/9.2.0/ci-environment-9.2.0.jar:/Users/fizkiarditiakusuma/.m2/repository/org/apiguardian/apiguardian-api/1.1.2/apiguardian-api-1.1.2.jar:/Users/fizkiarditiakusuma/.m2/repository/ch/qos/logback/logback-classic/1.4.11/logback-classic-1.4.11.jar:/Users/fizkiarditiakusuma/.m2/repository/ch/qos/logback/logback-core/1.4.11/logback-core-1.4.11.jar:/Users/fizkiarditiakusuma/.m2/repository/org/slf4j/slf4j-api/2.0.7/slf4j-api-2.0.7.jar:/Users/fizkiarditiakusuma/.m2/repository/io/cucumber/cucumber-junit/7.12.1/cucumber-junit-7.12.1.jar:/Users/fizkiarditiakusuma/.m2/repository/io/github/bonigarcia/webdrivermanager/5.6.3/webdrivermanager-5.6.3.jar:/Users/fizkiarditiakusuma/.m2/repository/com/google/code/gson/gson/2.10.1/gson-2.10.1.jar:/Users/fizkiarditiakusuma/.m2/repository/com/github/docker-java/docker-java/3.3.4/docker-java-3.3.4.jar:/Users/fizkiarditiakusuma/.m2/repository/com/github/docker-java/docker-java-core/3.3.4/docker-java-core-3.3.4.jar:/Users/fizkiarditiakusuma/.m2/repository/com/github/docker-java/docker-java-api/3.3.4/docker-java-api-3.3.4.jar:/Users/fizkiarditiakusuma/.m2/repository/org/bouncycastle/bcpkix-jdk18on/1.76/bcpkix-jdk18on-1.76.jar:/Users/fizkiarditiakusuma/.m2/repository/org/bouncycastle/bcprov-jdk18on/1.76/bcprov-jdk18on-1.76.jar:/Users/fizkiarditiakusuma/.m2/repository/org/bouncycastle/bcutil-jdk18on/1.76/bcutil-jdk18on-1.76.jar:/Users/fizkiarditiakusuma/.m2/repository/org/slf4j/jcl-over-slf4j/1.7.30/jcl-over-slf4j-1.7.30.jar:/Users/fizkiarditiakusuma/.m2/repository/com/github/docker-java/docker-java-transport-httpclient5/3.3.4/docker-java-transport-httpclient5-3.3.4.jar:/Users/fizkiarditiakusuma/.m2/repository/com/github/docker-java/docker-java-transport/3.3.4/docker-java-transport-3.3.4.jar:/Users/fizkiarditiakusuma/.m2/repository/net/java/dev/jna/jna/5.13.0/jna-5.13.0.jar:/Users/fizkiarditiakusuma/.m2/repository/org/brotli/dec/0.1.2/dec-0.1.2.jar:/Users/fizkiarditiakusuma/.m2/repository/org/apache/commons/commons-lang3/3.14.0/commons-lang3-3.14.0.jar:/Users/fizkiarditiakusuma/.m2/repository/org/apache/commons/commons-compress/1.25.0/commons-compress-1.25.0.jar:/Users/fizkiarditiakusuma/.m2/repository/org/apache/httpcomponents/client5/httpclient5/5.2.1/httpclient5-5.2.1.jar:/Users/fizkiarditiakusuma/.m2/repository/org/apache/httpcomponents/core5/httpcore5/5.2/httpcore5-5.2.jar:/Users/fizkiarditiakusuma/.m2/repository/org/apache/httpcomponents/core5/httpcore5-h2/5.2/httpcore5-h2-5.2.jar:/Users/fizkiarditiakusuma/.m2/repository/net/masterthought/cucumber-reporting/5.3.1/cucumber-reporting-5.3.1.jar:/Users/fizkiarditiakusuma/.m2/repository/com/fasterxml/jackson/core/jackson-databind/2.10.1/jackson-databind-2.10.1.jar:/Users/fizkiarditiakusuma/.m2/repository/com/fasterxml/jackson/core/jackson-annotations/2.10.1/jackson-annotations-2.10.1.jar:/Users/fizkiarditiakusuma/.m2/repository/com/fasterxml/jackson/core/jackson-core/2.10.1/jackson-core-2.10.1.jar:/Users/fizkiarditiakusuma/.m2/repository/com/fasterxml/jackson/datatype/jackson-datatype-jsr310/2.10.1/jackson-datatype-jsr310-2.10.1.jar:/Users/fizkiarditiakusuma/.m2/repository/org/apache/velocity/velocity-engine-core/2.1/velocity-engine-core-2.1.jar:/Users/fizkiarditiakusuma/.m2/repository/commons-collections/commons-collections/3.2.2/commons-collections-3.2.2.jar:/Users/fizkiarditiakusuma/.m2/repository/joda-time/joda-time/2.10.5/joda-time-2.10.5.jar:/Users/fizkiarditiakusuma/.m2/repository/commons-io/commons-io/2.6/commons-io-2.6.jar:/Users/fizkiarditiakusuma/.m2/repository/org/codehaus/plexus/plexus-utils/3.3.0/plexus-utils-3.3.0.jar:/Users/fizkiarditiakusuma/.m2/repository/org/jsoup/jsoup/1.12.1/jsoup-1.12.1.jar:/Users/fizkiarditiakusuma/.m2/repository/com/googlecode/owasp-java-html-sanitizer/owasp-java-html-sanitizer/20191001.1/owasp-java-html-sanitizer-20191001.1.jar:/Users/fizkiarditiakusuma/.m2/repository/commons-configuration/commons-configuration/1.10/commons-configuration-1.10.jar:/Users/fizkiarditiakusuma/.m2/repository/commons-lang/commons-lang/2.6/commons-lang-2.6.jar:/Users/fizkiarditiakusuma/.m2/repository/commons-logging/commons-logging/1.1.1/commons-logging-1.1.1.jar:"/>
    <property name="sun.cpu.endian" value="little"/>
    <property name="user.home" value="/Users/fizkiarditiakusuma"/>
    <property name="user.language" value="en"/>
    <property name="java.specification.vendor" value="Oracle Corporation"/>
    <property name="java.version.date" value="2023-07-18"/>
    <property name="java.home" value="/Library/Java/JavaVirtualMachines/temurin-17.jdk/Contents/Home"/>
    <property name="file.separator" value="/"/>
    <property name="basedir" value="/Users/fizkiarditiakusuma/Documents/Nastha_Group/recruitment_nashta_WEB"/>
    <property name="java.vm.compressedOopsMode" value="Zero based"/>
    <property name="line.separator" value="&#10;"/>
    <property name="java.vm.specification.vendor" value="Oracle Corporation"/>
    <property name="java.specification.name" value="Java Platform API Specification"/>
    <property name="surefire.real.class.path" value="/Users/fizkiarditiakusuma/Documents/Nastha_Group/recruitment_nashta_WEB/target/surefire/surefirebooter-20240131170012332_3.jar"/>
    <property name="sun.management.compiler" value="HotSpot 64-Bit Tiered Compilers"/>
    <property name="ftp.nonProxyHosts" value="local|*.local|169.254/16|*.169.254/16"/>
    <property name="java.runtime.version" value="17.0.8+7"/>
    <property name="user.name" value="fizkiarditiakusuma"/>
    <property name="path.separator" value=":"/>
    <property name="os.version" value="14.2.1"/>
    <property name="java.runtime.name" value="OpenJDK Runtime Environment"/>
    <property name="file.encoding" value="UTF-8"/>
    <property name="java.vm.name" value="OpenJDK 64-Bit Server VM"/>
    <property name="java.vendor.version" value="Temurin-17.0.8+7"/>
    <property name="localRepository" value="/Users/fizkiarditiakusuma/.m2/repository"/>
    <property name="java.vendor.url.bug" value="https://github.com/adoptium/adoptium-support/issues"/>
    <property name="java.io.tmpdir" value="/var/folders/nl/kl9228955pjdfy31l8yfjk700000gn/T/"/>
    <property name="java.version" value="17.0.8"/>
    <property name="cucumber.filter.tags" value="@JOA"/>
    <property name="user.dir" value="/Users/fizkiarditiakusuma/Documents/Nastha_Group/recruitment_nashta_WEB"/>
    <property name="os.arch" value="aarch64"/>
    <property name="java.vm.specification.name" value="Java Virtual Machine Specification"/>
    <property name="native.encoding" value="UTF-8"/>
    <property name="java.library.path" value="/Users/fizkiarditiakusuma/Library/Java/Extensions:/Library/Java/Extensions:/Network/Library/Java/Extensions:/System/Library/Java/Extensions:/usr/lib/java:."/>
    <property name="java.vm.info" value="mixed mode"/>
    <property name="java.vendor" value="Eclipse Adoptium"/>
    <property name="java.vm.version" value="17.0.8+7"/>
    <property name="sun.io.unicode.encoding" value="UnicodeBig"/>
    <property name="socksNonProxyHosts" value="local|*.local|169.254/16|*.169.254/16"/>
    <property name="java.class.version" value="61.0"/>
  </properties>
  <testcase name="JOA_001" classname="JobOrder_Approval" time="27.242">
    <system-out><![CDATA[
@JOA
Scenario: JOA_001                                         &amp#27;[90m# features//03_JobOrder_Approval.feature:10&amp#27;[0m
17:00:12.841 [main] DEBUG io.github.bonigarcia.wdm.WebDriverManager -- Using WebDriverManager 5.6.3
17:00:12.996 [main] DEBUG io.github.bonigarcia.wdm.cache.ResolutionCache -- Resolution chrome=120 in cache (valid until 17:27:38 31/01/2024 WIB)
17:00:12.996 [main] DEBUG io.github.bonigarcia.wdm.cache.ResolutionCache -- Resolution chrome120=120.0.6099.109 in cache (valid until 09:43:36 01/02/2024 WIB)
17:00:12.997 [main] INFO io.github.bonigarcia.wdm.WebDriverManager -- Using chromedriver 120.0.6099.109 (resolved driver for Chrome 120)
17:00:13.007 [main] DEBUG io.github.bonigarcia.wdm.WebDriverManager -- Driver chromedriver 120.0.6099.109 found in cache
17:00:13.007 [main] INFO io.github.bonigarcia.wdm.WebDriverManager -- Exporting webdriver.chrome.driver as /Users/fizkiarditiakusuma/.cache/selenium/chromedriver/mac-arm64/120.0.6099.109/chromedriver
  &amp#27;[32mGiven &amp#27;[0m&amp#27;[32mUser already open website Recruitment NasTa Group&amp#27;[0m &amp#27;[90m# step_definitions.login.userAlreadyOpenWebsiteRecruitmentNasTaGroup()&amp#27;[0m
  &amp#27;[32mWhen &amp#27;[0m&amp#27;[32mUser already logged in as account Approved&amp#27;[0m         &amp#27;[90m# step_definitions.JobOrder_Approval.userAlreadyLoggedInAsAccountApproved()&amp#27;[0m
  &amp#27;[32mAnd &amp#27;[0m&amp#27;[32mUser Click Sign In Button&amp#27;[0m                           &amp#27;[90m# step_definitions.login.userClickSignInButton()&amp#27;[0m
Element not found. User may not be on the landing page.
  &amp#27;[32mThen &amp#27;[0m&amp#27;[32mUser already on landing page&amp#27;[0m                       &amp#27;[90m# step_definitions.login.userAlreadyOnLandingPage()&amp#27;[0m
  &amp#27;[32mAnd &amp#27;[0m&amp#27;[32mUser Click menu Job Order Approval&amp#27;[0m                  &amp#27;[90m# step_definitions.JobOrder_Approval.userClickMenuJobOrderApproval()&amp#27;[0m
  &amp#27;[32mThen &amp#27;[0m&amp#27;[32mUser Clicks Action Row in Data Confirming Process&amp#27;[0m  &amp#27;[90m# step_definitions.JobOrder_Approval.userClicksActionRowInDataConfirmingProcess()&amp#27;[0m
  &amp#27;[32mAnd &amp#27;[0m&amp#27;[32mthe user clicks the Reject button&amp#27;[0m                   &amp#27;[90m# step_definitions.JobOrder_Approval.theUserClicksTheRejectButton()&amp#27;[0m
]]></system-out>
  </testcase>
  <testcase name="JOA_002" classname="JobOrder_Approval" time="23.382">
    <system-out><![CDATA[
@JOA
Scenario: JOA_002                                         &amp#27;[90m# features//03_JobOrder_Approval.feature:17&amp#27;[0m
17:00:40.018 [main] DEBUG io.github.bonigarcia.wdm.WebDriverManager -- Using WebDriverManager 5.6.3
17:00:40.022 [main] DEBUG io.github.bonigarcia.wdm.cache.ResolutionCache -- Resolution chrome=120 in cache (valid until 17:27:38 31/01/2024 WIB)
17:00:40.022 [main] DEBUG io.github.bonigarcia.wdm.cache.ResolutionCache -- Resolution chrome120=120.0.6099.109 in cache (valid until 09:43:36 01/02/2024 WIB)
17:00:40.022 [main] INFO io.github.bonigarcia.wdm.WebDriverManager -- Using chromedriver 120.0.6099.109 (resolved driver for Chrome 120)
17:00:40.024 [main] DEBUG io.github.bonigarcia.wdm.WebDriverManager -- Driver chromedriver 120.0.6099.109 found in cache
17:00:40.024 [main] INFO io.github.bonigarcia.wdm.WebDriverManager -- Exporting webdriver.chrome.driver as /Users/fizkiarditiakusuma/.cache/selenium/chromedriver/mac-arm64/120.0.6099.109/chromedriver
  &amp#27;[32mGiven &amp#27;[0m&amp#27;[32mUser already open website Recruitment NasTa Group&amp#27;[0m &amp#27;[90m# step_definitions.login.userAlreadyOpenWebsiteRecruitmentNasTaGroup()&amp#27;[0m
  &amp#27;[32mWhen &amp#27;[0m&amp#27;[32mUser already logged in as account Approved&amp#27;[0m         &amp#27;[90m# step_definitions.JobOrder_Approval.userAlreadyLoggedInAsAccountApproved()&amp#27;[0m
  &amp#27;[32mAnd &amp#27;[0m&amp#27;[32mUser Click Sign In Button&amp#27;[0m                           &amp#27;[90m# step_definitions.login.userClickSignInButton()&amp#27;[0m
User is on the landing page.
  &amp#27;[32mThen &amp#27;[0m&amp#27;[32mUser already on landing page&amp#27;[0m                       &amp#27;[90m# step_definitions.login.userAlreadyOnLandingPage()&amp#27;[0m
  &amp#27;[32mAnd &amp#27;[0m&amp#27;[32mUser Click menu Job Order Approval&amp#27;[0m                  &amp#27;[90m# step_definitions.JobOrder_Approval.userClickMenuJobOrderApproval()&amp#27;[0m
  &amp#27;[32mThen &amp#27;[0m&amp#27;[32mUser Clicks Action Row in Data Confirming Process&amp#27;[0m  &amp#27;[90m# step_definitions.JobOrder_Approval.userClicksActionRowInDataConfirmingProcess()&amp#27;[0m
  &amp#27;[32mAnd &amp#27;[0m&amp#27;[32mthe user clicks the Approval button&amp#27;[0m                 &amp#27;[90m# step_definitions.JobOrder_Approval.theUserClicksTheApprovalButton()&amp#27;[0m
]]></system-out>
  </testcase>
  <testcase name="JOA_003" classname="JobOrder_Approval" time="24.942">
    <system-out><![CDATA[
@JOA
Scenario: JOA_003                                         &amp#27;[90m# features//03_JobOrder_Approval.feature:23&amp#27;[0m
17:01:03.403 [main] DEBUG io.github.bonigarcia.wdm.WebDriverManager -- Using WebDriverManager 5.6.3
17:01:03.407 [main] DEBUG io.github.bonigarcia.wdm.cache.ResolutionCache -- Resolution chrome=120 in cache (valid until 17:27:38 31/01/2024 WIB)
17:01:03.408 [main] DEBUG io.github.bonigarcia.wdm.cache.ResolutionCache -- Resolution chrome120=120.0.6099.109 in cache (valid until 09:43:36 01/02/2024 WIB)
17:01:03.408 [main] INFO io.github.bonigarcia.wdm.WebDriverManager -- Using chromedriver 120.0.6099.109 (resolved driver for Chrome 120)
17:01:03.411 [main] DEBUG io.github.bonigarcia.wdm.WebDriverManager -- Driver chromedriver 120.0.6099.109 found in cache
17:01:03.411 [main] INFO io.github.bonigarcia.wdm.WebDriverManager -- Exporting webdriver.chrome.driver as /Users/fizkiarditiakusuma/.cache/selenium/chromedriver/mac-arm64/120.0.6099.109/chromedriver
  &amp#27;[32mGiven &amp#27;[0m&amp#27;[32mUser already open website Recruitment NasTa Group&amp#27;[0m &amp#27;[90m# step_definitions.login.userAlreadyOpenWebsiteRecruitmentNasTaGroup()&amp#27;[0m
  &amp#27;[32mWhen &amp#27;[0m&amp#27;[32mUser already logged in as account Approved&amp#27;[0m         &amp#27;[90m# step_definitions.JobOrder_Approval.userAlreadyLoggedInAsAccountApproved()&amp#27;[0m
  &amp#27;[32mAnd &amp#27;[0m&amp#27;[32mUser Click Sign In Button&amp#27;[0m                           &amp#27;[90m# step_definitions.login.userClickSignInButton()&amp#27;[0m
User is on the landing page.
  &amp#27;[32mThen &amp#27;[0m&amp#27;[32mUser already on landing page&amp#27;[0m                       &amp#27;[90m# step_definitions.login.userAlreadyOnLandingPage()&amp#27;[0m
  &amp#27;[32mAnd &amp#27;[0m&amp#27;[32mUser Click menu Job Order Approval&amp#27;[0m                  &amp#27;[90m# step_definitions.JobOrder_Approval.userClickMenuJobOrderApproval()&amp#27;[0m
  &amp#27;[32mThen &amp#27;[0m&amp#27;[32mUser Clicks Action Row in Data Confirming Process&amp#27;[0m  &amp#27;[90m# step_definitions.JobOrder_Approval.userClicksActionRowInDataConfirmingProcess()&amp#27;[0m
  &amp#27;[32mAnd &amp#27;[0m&amp#27;[32mthe user clicks the Revised button&amp#27;[0m                  &amp#27;[90m# step_definitions.JobOrder_Approval.theUserClicksTheRevisedButton()&amp#27;[0m
]]></system-out>
  </testcase>
</testsuite>